<?xml version="1.0" encoding="UTF-8"?>
<!-- Generated by org.testng.reporters.JUnitReportReporter -->
<testsuite hostname="LAPTOP-NA90P81S" failures="0" tests="2" name="testNGCrossBrowser.VerifyYourOrderAndAccountFuntcionality" time="14.244" errors="0" timestamp="2023-02-09T14:00:34 IST" skipped="0">
  <testcase classname="testNGCrossBrowser.VerifyYourOrderAndAccountFuntcionality" name="test" time="8.037"/>
  <system-out/>
  <testcase classname="testNGCrossBrowser.VerifyYourOrderAndAccountFuntcionality" name="test" time="6.207"/>
  <system-out/>
</testsuite> <!-- testNGCrossBrowser.VerifyYourOrderAndAccountFuntcionality -->
